{"total": {"lines":{"total":299,"covered":182,"skipped":0,"pct":60.87},"statements":{"total":299,"covered":182,"skipped":0,"pct":60.87},"functions":{"total":55,"covered":23,"skipped":0,"pct":41.82},"branches":{"total":72,"covered":23,"skipped":0,"pct":31.94}}
,"/Users/hugolehoux/Documents/github/endagri-back/server.js": {"lines":{"total":21,"covered":21,"skipped":0,"pct":100},"functions":{"total":0,"covered":0,"skipped":0,"pct":100},"statements":{"total":21,"covered":21,"skipped":0,"pct":100},"branches":{"total":0,"covered":0,"skipped":0,"pct":100}}
,"/Users/hugolehoux/Documents/github/endagri-back/app/controllers/analyse/analyseTresorieController.js": {"lines":{"total":8,"covered":3,"skipped":0,"pct":37.5},"functions":{"total":2,"covered":0,"skipped":0,"pct":0},"statements":{"total":8,"covered":3,"skipped":0,"pct":37.5},"branches":{"total":2,"covered":0,"skipped":0,"pct":0}}
,"/Users/hugolehoux/Documents/github/endagri-back/app/controllers/fiche/activiteController.js": {"lines":{"total":36,"covered":24,"skipped":0,"pct":66.67},"functions":{"total":8,"covered":6,"skipped":0,"pct":75},"statements":{"total":36,"covered":24,"skipped":0,"pct":66.67},"branches":{"total":12,"covered":6,"skipped":0,"pct":50}}
,"/Users/hugolehoux/Documents/github/endagri-back/app/controllers/fiche/ficheController.js": {"lines":{"total":66,"covered":56,"skipped":0,"pct":84.85},"functions":{"total":17,"covered":17,"skipped":0,"pct":100},"statements":{"total":66,"covered":56,"skipped":0,"pct":84.85},"branches":{"total":28,"covered":17,"skipped":0,"pct":60.71}}
,"/Users/hugolehoux/Documents/github/endagri-back/app/controllers/fiche/marcheController.js": {"lines":{"total":37,"covered":7,"skipped":0,"pct":18.92},"functions":{"total":10,"covered":0,"skipped":0,"pct":0},"statements":{"total":37,"covered":7,"skipped":0,"pct":18.92},"branches":{"total":10,"covered":0,"skipped":0,"pct":0}}
,"/Users/hugolehoux/Documents/github/endagri-back/app/controllers/fiche/productionController.js": {"lines":{"total":37,"covered":7,"skipped":0,"pct":18.92},"functions":{"total":10,"covered":0,"skipped":0,"pct":0},"statements":{"total":37,"covered":7,"skipped":0,"pct":18.92},"branches":{"total":10,"covered":0,"skipped":0,"pct":0}}
,"/Users/hugolehoux/Documents/github/endagri-back/app/controllers/fiche/venteController.js": {"lines":{"total":29,"covered":5,"skipped":0,"pct":17.24},"functions":{"total":6,"covered":0,"skipped":0,"pct":0},"statements":{"total":29,"covered":5,"skipped":0,"pct":17.24},"branches":{"total":8,"covered":0,"skipped":0,"pct":0}}
,"/Users/hugolehoux/Documents/github/endagri-back/app/controllers/fluxtemp/fluxBrutsController.js": {"lines":{"total":9,"covered":3,"skipped":0,"pct":33.33},"functions":{"total":2,"covered":0,"skipped":0,"pct":0},"statements":{"total":9,"covered":3,"skipped":0,"pct":33.33},"branches":{"total":2,"covered":0,"skipped":0,"pct":0}}
,"/Users/hugolehoux/Documents/github/endagri-back/app/db/pool.js": {"lines":{"total":5,"covered":5,"skipped":0,"pct":100},"functions":{"total":0,"covered":0,"skipped":0,"pct":100},"statements":{"total":5,"covered":5,"skipped":0,"pct":100},"branches":{"total":0,"covered":0,"skipped":0,"pct":100}}
,"/Users/hugolehoux/Documents/github/endagri-back/app/routes/activiteRoutes.js": {"lines":{"total":7,"covered":7,"skipped":0,"pct":100},"functions":{"total":0,"covered":0,"skipped":0,"pct":100},"statements":{"total":7,"covered":7,"skipped":0,"pct":100},"branches":{"total":0,"covered":0,"skipped":0,"pct":100}}
,"/Users/hugolehoux/Documents/github/endagri-back/app/routes/analyseRoutes.js": {"lines":{"total":5,"covered":5,"skipped":0,"pct":100},"functions":{"total":0,"covered":0,"skipped":0,"pct":100},"statements":{"total":5,"covered":5,"skipped":0,"pct":100},"branches":{"total":0,"covered":0,"skipped":0,"pct":100}}
,"/Users/hugolehoux/Documents/github/endagri-back/app/routes/ficheRoutes.js": {"lines":{"total":9,"covered":9,"skipped":0,"pct":100},"functions":{"total":0,"covered":0,"skipped":0,"pct":100},"statements":{"total":9,"covered":9,"skipped":0,"pct":100},"branches":{"total":0,"covered":0,"skipped":0,"pct":100}}
,"/Users/hugolehoux/Documents/github/endagri-back/app/routes/fluxTempRoutes.js": {"lines":{"total":5,"covered":5,"skipped":0,"pct":100},"functions":{"total":0,"covered":0,"skipped":0,"pct":100},"statements":{"total":5,"covered":5,"skipped":0,"pct":100},"branches":{"total":0,"covered":0,"skipped":0,"pct":100}}
,"/Users/hugolehoux/Documents/github/endagri-back/app/routes/marcheRoutes.js": {"lines":{"total":9,"covered":9,"skipped":0,"pct":100},"functions":{"total":0,"covered":0,"skipped":0,"pct":100},"statements":{"total":9,"covered":9,"skipped":0,"pct":100},"branches":{"total":0,"covered":0,"skipped":0,"pct":100}}
,"/Users/hugolehoux/Documents/github/endagri-back/app/routes/productionRoutes.js": {"lines":{"total":9,"covered":9,"skipped":0,"pct":100},"functions":{"total":0,"covered":0,"skipped":0,"pct":100},"statements":{"total":9,"covered":9,"skipped":0,"pct":100},"branches":{"total":0,"covered":0,"skipped":0,"pct":100}}
,"/Users/hugolehoux/Documents/github/endagri-back/app/routes/venteRoutes.js": {"lines":{"total":7,"covered":7,"skipped":0,"pct":100},"functions":{"total":0,"covered":0,"skipped":0,"pct":100},"statements":{"total":7,"covered":7,"skipped":0,"pct":100},"branches":{"total":0,"covered":0,"skipped":0,"pct":100}}
}
