{"/Users/hugolehoux/Documents/github/endagri-back/server.js": {"path":"/Users/hugolehoux/Documents/github/endagri-back/server.js","statementMap":{"0":{"start":{"line":1,"column":16},"end":{"line":1,"column":34}},"1":{"start":{"line":2,"column":19},"end":{"line":2,"column":41}},"2":{"start":{"line":4,"column":20},"end":{"line":4,"column":55}},"3":{"start":{"line":5,"column":23},"end":{"line":5,"column":61}},"4":{"start":{"line":6,"column":20},"end":{"line":6,"column":55}},"5":{"start":{"line":7,"column":25},"end":{"line":7,"column":65}},"6":{"start":{"line":8,"column":21},"end":{"line":8,"column":57}},"7":{"start":{"line":9,"column":23},"end":{"line":9,"column":61}},"8":{"start":{"line":10,"column":22},"end":{"line":10,"column":59}},"9":{"start":{"line":13,"column":12},"end":{"line":13,"column":21}},"10":{"start":{"line":16,"column":23},"end":{"line":18,"column":2}},"11":{"start":{"line":19,"column":0},"end":{"line":19,"column":60}},"12":{"start":{"line":20,"column":0},"end":{"line":20,"column":66}},"13":{"start":{"line":27,"column":0},"end":{"line":27,"column":21}},"14":{"start":{"line":28,"column":0},"end":{"line":28,"column":24}},"15":{"start":{"line":29,"column":0},"end":{"line":29,"column":21}},"16":{"start":{"line":30,"column":0},"end":{"line":30,"column":26}},"17":{"start":{"line":31,"column":0},"end":{"line":31,"column":22}},"18":{"start":{"line":32,"column":0},"end":{"line":32,"column":24}},"19":{"start":{"line":33,"column":0},"end":{"line":33,"column":23}},"20":{"start":{"line":37,"column":0},"end":{"line":37,"column":21}}},"fnMap":{},"branchMap":{},"s":{"0":2,"1":2,"2":2,"3":2,"4":2,"5":2,"6":2,"7":2,"8":2,"9":2,"10":2,"11":2,"12":2,"13":2,"14":2,"15":2,"16":2,"17":2,"18":2,"19":2,"20":2},"f":{},"b":{},"_coverageSchema":"1a1c01bbd47fc00a2c39e90264f33305004495a9","hash":"698472973d61dec10b078cfdb425afcef1d1194e"}
,"/Users/hugolehoux/Documents/github/endagri-back/app/controllers/analyse/analyseTresorieController.js": {"path":"/Users/hugolehoux/Documents/github/endagri-back/app/controllers/analyse/analyseTresorieController.js","statementMap":{"0":{"start":{"line":1,"column":15},"end":{"line":1,"column":39}},"1":{"start":{"line":4,"column":20},"end":{"line":12,"column":1}},"2":{"start":{"line":5,"column":29},"end":{"line":5,"column":91}},"3":{"start":{"line":6,"column":4},"end":{"line":11,"column":6}},"4":{"start":{"line":7,"column":6},"end":{"line":9,"column":7}},"5":{"start":{"line":8,"column":8},"end":{"line":8,"column":19}},"6":{"start":{"line":10,"column":6},"end":{"line":10,"column":45}},"7":{"start":{"line":14,"column":0},"end":{"line":16,"column":1}}},"fnMap":{"0":{"name":"(anonymous_0)","decl":{"start":{"line":4,"column":20},"end":{"line":4,"column":21}},"loc":{"start":{"line":4,"column":43},"end":{"line":12,"column":1}},"line":4},"1":{"name":"(anonymous_1)","decl":{"start":{"line":6,"column":40},"end":{"line":6,"column":41}},"loc":{"start":{"line":6,"column":60},"end":{"line":11,"column":5}},"line":6}},"branchMap":{"0":{"loc":{"start":{"line":7,"column":6},"end":{"line":9,"column":7}},"type":"if","locations":[{"start":{"line":7,"column":6},"end":{"line":9,"column":7}},{"start":{"line":7,"column":6},"end":{"line":9,"column":7}}],"line":7}},"s":{"0":2,"1":2,"2":0,"3":0,"4":0,"5":0,"6":0,"7":2},"f":{"0":0,"1":0},"b":{"0":[0,0]},"_coverageSchema":"1a1c01bbd47fc00a2c39e90264f33305004495a9","hash":"b823a0890f6d67dcf8804d10de2bbaa11da22158"}
,"/Users/hugolehoux/Documents/github/endagri-back/app/controllers/fiche/activiteController.js": {"path":"/Users/hugolehoux/Documents/github/endagri-back/app/controllers/fiche/activiteController.js","statementMap":{"0":{"start":{"line":1,"column":15},"end":{"line":1,"column":39}},"1":{"start":{"line":5,"column":21},"end":{"line":52,"column":1}},"2":{"start":{"line":7,"column":29},"end":{"line":7,"column":62}},"3":{"start":{"line":10,"column":61},"end":{"line":10,"column":73}},"4":{"start":{"line":13,"column":28},"end":{"line":13,"column":154}},"5":{"start":{"line":16,"column":2},"end":{"line":51,"column":4}},"6":{"start":{"line":20,"column":6},"end":{"line":22,"column":7}},"7":{"start":{"line":21,"column":8},"end":{"line":21,"column":20}},"8":{"start":{"line":25,"column":26},"end":{"line":25,"column":44}},"9":{"start":{"line":28,"column":6},"end":{"line":44,"column":7}},"10":{"start":{"line":29,"column":8},"end":{"line":43,"column":11}},"11":{"start":{"line":31,"column":35},"end":{"line":31,"column":139}},"12":{"start":{"line":34,"column":10},"end":{"line":42,"column":12}},"13":{"start":{"line":38,"column":14},"end":{"line":40,"column":15}},"14":{"start":{"line":39,"column":16},"end":{"line":39,"column":28}},"15":{"start":{"line":46,"column":6},"end":{"line":49,"column":35}},"16":{"start":{"line":58,"column":20},"end":{"line":79,"column":1}},"17":{"start":{"line":60,"column":29},"end":{"line":60,"column":46}},"18":{"start":{"line":61,"column":22},"end":{"line":61,"column":39}},"19":{"start":{"line":63,"column":51},"end":{"line":63,"column":63}},"20":{"start":{"line":65,"column":27},"end":{"line":65,"column":116}},"21":{"start":{"line":66,"column":2},"end":{"line":78,"column":4}},"22":{"start":{"line":70,"column":6},"end":{"line":72,"column":7}},"23":{"start":{"line":71,"column":8},"end":{"line":71,"column":20}},"24":{"start":{"line":76,"column":6},"end":{"line":76,"column":49}},"25":{"start":{"line":84,"column":23},"end":{"line":104,"column":1}},"26":{"start":{"line":86,"column":29},"end":{"line":86,"column":46}},"27":{"start":{"line":89,"column":22},"end":{"line":89,"column":48}},"28":{"start":{"line":91,"column":30},"end":{"line":91,"column":82}},"29":{"start":{"line":92,"column":2},"end":{"line":103,"column":5}},"30":{"start":{"line":93,"column":4},"end":{"line":95,"column":5}},"31":{"start":{"line":94,"column":6},"end":{"line":94,"column":18}},"32":{"start":{"line":97,"column":4},"end":{"line":102,"column":5}},"33":{"start":{"line":99,"column":6},"end":{"line":99,"column":31}},"34":{"start":{"line":101,"column":6},"end":{"line":101,"column":31}},"35":{"start":{"line":106,"column":0},"end":{"line":110,"column":2}}},"fnMap":{"0":{"name":"(anonymous_0)","decl":{"start":{"line":5,"column":21},"end":{"line":5,"column":22}},"loc":{"start":{"line":5,"column":44},"end":{"line":52,"column":1}},"line":5},"1":{"name":"(anonymous_1)","decl":{"start":{"line":19,"column":4},"end":{"line":19,"column":5}},"loc":{"start":{"line":19,"column":24},"end":{"line":50,"column":5}},"line":19},"2":{"name":"(anonymous_2)","decl":{"start":{"line":29,"column":21},"end":{"line":29,"column":22}},"loc":{"start":{"line":29,"column":55},"end":{"line":43,"column":9}},"line":29},"3":{"name":"(anonymous_3)","decl":{"start":{"line":37,"column":12},"end":{"line":37,"column":13}},"loc":{"start":{"line":37,"column":32},"end":{"line":41,"column":13}},"line":37},"4":{"name":"(anonymous_4)","decl":{"start":{"line":58,"column":20},"end":{"line":58,"column":21}},"loc":{"start":{"line":58,"column":43},"end":{"line":79,"column":1}},"line":58},"5":{"name":"(anonymous_5)","decl":{"start":{"line":69,"column":4},"end":{"line":69,"column":5}},"loc":{"start":{"line":69,"column":24},"end":{"line":77,"column":5}},"line":69},"6":{"name":"(anonymous_6)","decl":{"start":{"line":84,"column":23},"end":{"line":84,"column":24}},"loc":{"start":{"line":84,"column":46},"end":{"line":104,"column":1}},"line":84},"7":{"name":"(anonymous_7)","decl":{"start":{"line":92,"column":56},"end":{"line":92,"column":57}},"loc":{"start":{"line":92,"column":76},"end":{"line":103,"column":3}},"line":92}},"branchMap":{"0":{"loc":{"start":{"line":20,"column":6},"end":{"line":22,"column":7}},"type":"if","locations":[{"start":{"line":20,"column":6},"end":{"line":22,"column":7}},{"start":{"line":20,"column":6},"end":{"line":22,"column":7}}],"line":20},"1":{"loc":{"start":{"line":28,"column":6},"end":{"line":44,"column":7}},"type":"if","locations":[{"start":{"line":28,"column":6},"end":{"line":44,"column":7}},{"start":{"line":28,"column":6},"end":{"line":44,"column":7}}],"line":28},"2":{"loc":{"start":{"line":38,"column":14},"end":{"line":40,"column":15}},"type":"if","locations":[{"start":{"line":38,"column":14},"end":{"line":40,"column":15}},{"start":{"line":38,"column":14},"end":{"line":40,"column":15}}],"line":38},"3":{"loc":{"start":{"line":70,"column":6},"end":{"line":72,"column":7}},"type":"if","locations":[{"start":{"line":70,"column":6},"end":{"line":72,"column":7}},{"start":{"line":70,"column":6},"end":{"line":72,"column":7}}],"line":70},"4":{"loc":{"start":{"line":93,"column":4},"end":{"line":95,"column":5}},"type":"if","locations":[{"start":{"line":93,"column":4},"end":{"line":95,"column":5}},{"start":{"line":93,"column":4},"end":{"line":95,"column":5}}],"line":93},"5":{"loc":{"start":{"line":97,"column":4},"end":{"line":102,"column":5}},"type":"if","locations":[{"start":{"line":97,"column":4},"end":{"line":102,"column":5}},{"start":{"line":97,"column":4},"end":{"line":102,"column":5}}],"line":97}},"s":{"0":2,"1":2,"2":2,"3":2,"4":2,"5":2,"6":2,"7":0,"8":2,"9":2,"10":1,"11":2,"12":2,"13":1,"14":0,"15":2,"16":2,"17":0,"18":0,"19":0,"20":0,"21":0,"22":0,"23":0,"24":0,"25":2,"26":1,"27":1,"28":1,"29":1,"30":1,"31":0,"32":1,"33":1,"34":0,"35":2},"f":{"0":2,"1":2,"2":2,"3":1,"4":0,"5":0,"6":1,"7":1},"b":{"0":[0,2],"1":[1,1],"2":[0,1],"3":[0,0],"4":[0,1],"5":[1,0]},"_coverageSchema":"1a1c01bbd47fc00a2c39e90264f33305004495a9","hash":"0ef737308c62b327c358ec18b732f0fbe2b98482"}
,"/Users/hugolehoux/Documents/github/endagri-back/app/controllers/fiche/ficheController.js": {"path":"/Users/hugolehoux/Documents/github/endagri-back/app/controllers/fiche/ficheController.js","statementMap":{"0":{"start":{"line":1,"column":15},"end":{"line":1,"column":39}},"1":{"start":{"line":10,"column":18},"end":{"line":43,"column":1}},"2":{"start":{"line":12,"column":25},"end":{"line":12,"column":53}},"3":{"start":{"line":14,"column":2},"end":{"line":42,"column":3}},"4":{"start":{"line":17,"column":6},"end":{"line":17,"column":121}},"5":{"start":{"line":20,"column":4},"end":{"line":27,"column":7}},"6":{"start":{"line":21,"column":6},"end":{"line":23,"column":7}},"7":{"start":{"line":22,"column":8},"end":{"line":22,"column":20}},"8":{"start":{"line":26,"column":6},"end":{"line":26,"column":46}},"9":{"start":{"line":31,"column":6},"end":{"line":31,"column":97}},"10":{"start":{"line":34,"column":4},"end":{"line":41,"column":7}},"11":{"start":{"line":35,"column":6},"end":{"line":37,"column":7}},"12":{"start":{"line":36,"column":8},"end":{"line":36,"column":20}},"13":{"start":{"line":40,"column":6},"end":{"line":40,"column":46}},"14":{"start":{"line":48,"column":18},"end":{"line":162,"column":1}},"15":{"start":{"line":58,"column":6},"end":{"line":58,"column":18}},"16":{"start":{"line":62,"column":4},"end":{"line":62,"column":153}},"17":{"start":{"line":65,"column":2},"end":{"line":161,"column":4}},"18":{"start":{"line":69,"column":6},"end":{"line":71,"column":7}},"19":{"start":{"line":70,"column":8},"end":{"line":70,"column":20}},"20":{"start":{"line":74,"column":33},"end":{"line":74,"column":51}},"21":{"start":{"line":77,"column":6},"end":{"line":111,"column":7}},"22":{"start":{"line":78,"column":8},"end":{"line":110,"column":10}},"23":{"start":{"line":89,"column":14},"end":{"line":89,"column":193}},"24":{"start":{"line":92,"column":12},"end":{"line":108,"column":14}},"25":{"start":{"line":104,"column":16},"end":{"line":106,"column":17}},"26":{"start":{"line":105,"column":18},"end":{"line":105,"column":30}},"27":{"start":{"line":114,"column":6},"end":{"line":153,"column":7}},"28":{"start":{"line":115,"column":8},"end":{"line":152,"column":11}},"29":{"start":{"line":118,"column":12},"end":{"line":118,"column":139}},"30":{"start":{"line":121,"column":10},"end":{"line":151,"column":12}},"31":{"start":{"line":125,"column":14},"end":{"line":127,"column":15}},"32":{"start":{"line":126,"column":16},"end":{"line":126,"column":28}},"33":{"start":{"line":129,"column":34},"end":{"line":129,"column":52}},"34":{"start":{"line":132,"column":14},"end":{"line":149,"column":15}},"35":{"start":{"line":133,"column":16},"end":{"line":148,"column":19}},"36":{"start":{"line":136,"column":20},"end":{"line":136,"column":124}},"37":{"start":{"line":139,"column":18},"end":{"line":147,"column":20}},"38":{"start":{"line":143,"column":22},"end":{"line":145,"column":23}},"39":{"start":{"line":144,"column":24},"end":{"line":144,"column":36}},"40":{"start":{"line":156,"column":6},"end":{"line":159,"column":42}},"41":{"start":{"line":168,"column":21},"end":{"line":188,"column":1}},"42":{"start":{"line":170,"column":19},"end":{"line":170,"column":36}},"43":{"start":{"line":173,"column":28},"end":{"line":179,"column":20}},"44":{"start":{"line":182,"column":2},"end":{"line":187,"column":5}},"45":{"start":{"line":183,"column":4},"end":{"line":185,"column":5}},"46":{"start":{"line":184,"column":6},"end":{"line":184,"column":18}},"47":{"start":{"line":186,"column":4},"end":{"line":186,"column":44}},"48":{"start":{"line":193,"column":21},"end":{"line":209,"column":1}},"49":{"start":{"line":194,"column":19},"end":{"line":194,"column":36}},"50":{"start":{"line":195,"column":61},"end":{"line":195,"column":73}},"51":{"start":{"line":197,"column":4},"end":{"line":197,"column":115}},"52":{"start":{"line":198,"column":2},"end":{"line":208,"column":4}},"53":{"start":{"line":202,"column":6},"end":{"line":204,"column":7}},"54":{"start":{"line":203,"column":8},"end":{"line":203,"column":20}},"55":{"start":{"line":206,"column":6},"end":{"line":206,"column":49}},"56":{"start":{"line":214,"column":24},"end":{"line":230,"column":1}},"57":{"start":{"line":215,"column":19},"end":{"line":215,"column":36}},"58":{"start":{"line":217,"column":4},"end":{"line":217,"column":63}},"59":{"start":{"line":218,"column":2},"end":{"line":229,"column":5}},"60":{"start":{"line":219,"column":4},"end":{"line":221,"column":5}},"61":{"start":{"line":220,"column":6},"end":{"line":220,"column":18}},"62":{"start":{"line":223,"column":4},"end":{"line":228,"column":5}},"63":{"start":{"line":225,"column":6},"end":{"line":225,"column":31}},"64":{"start":{"line":227,"column":6},"end":{"line":227,"column":31}},"65":{"start":{"line":232,"column":0},"end":{"line":238,"column":2}}},"fnMap":{"0":{"name":"(anonymous_0)","decl":{"start":{"line":10,"column":18},"end":{"line":10,"column":19}},"loc":{"start":{"line":10,"column":41},"end":{"line":43,"column":1}},"line":10},"1":{"name":"(anonymous_1)","decl":{"start":{"line":20,"column":56},"end":{"line":20,"column":57}},"loc":{"start":{"line":20,"column":76},"end":{"line":27,"column":5}},"line":20},"2":{"name":"(anonymous_2)","decl":{"start":{"line":34,"column":38},"end":{"line":34,"column":39}},"loc":{"start":{"line":34,"column":58},"end":{"line":41,"column":5}},"line":34},"3":{"name":"(anonymous_3)","decl":{"start":{"line":48,"column":18},"end":{"line":48,"column":19}},"loc":{"start":{"line":48,"column":41},"end":{"line":162,"column":1}},"line":48},"4":{"name":"(anonymous_4)","decl":{"start":{"line":68,"column":4},"end":{"line":68,"column":5}},"loc":{"start":{"line":68,"column":24},"end":{"line":160,"column":5}},"line":68},"5":{"name":"(anonymous_5)","decl":{"start":{"line":79,"column":10},"end":{"line":79,"column":11}},"loc":{"start":{"line":86,"column":16},"end":{"line":109,"column":11}},"line":86},"6":{"name":"(anonymous_6)","decl":{"start":{"line":103,"column":14},"end":{"line":103,"column":15}},"loc":{"start":{"line":103,"column":34},"end":{"line":107,"column":15}},"line":103},"7":{"name":"(anonymous_7)","decl":{"start":{"line":115,"column":22},"end":{"line":115,"column":23}},"loc":{"start":{"line":115,"column":78},"end":{"line":152,"column":9}},"line":115},"8":{"name":"(anonymous_8)","decl":{"start":{"line":124,"column":12},"end":{"line":124,"column":13}},"loc":{"start":{"line":124,"column":32},"end":{"line":150,"column":13}},"line":124},"9":{"name":"(anonymous_9)","decl":{"start":{"line":133,"column":29},"end":{"line":133,"column":30}},"loc":{"start":{"line":133,"column":63},"end":{"line":148,"column":17}},"line":133},"10":{"name":"(anonymous_10)","decl":{"start":{"line":142,"column":20},"end":{"line":142,"column":21}},"loc":{"start":{"line":142,"column":40},"end":{"line":146,"column":21}},"line":142},"11":{"name":"(anonymous_11)","decl":{"start":{"line":168,"column":21},"end":{"line":168,"column":22}},"loc":{"start":{"line":168,"column":44},"end":{"line":188,"column":1}},"line":168},"12":{"name":"(anonymous_12)","decl":{"start":{"line":182,"column":51},"end":{"line":182,"column":52}},"loc":{"start":{"line":182,"column":71},"end":{"line":187,"column":3}},"line":182},"13":{"name":"(anonymous_13)","decl":{"start":{"line":193,"column":21},"end":{"line":193,"column":22}},"loc":{"start":{"line":193,"column":44},"end":{"line":209,"column":1}},"line":193},"14":{"name":"(anonymous_14)","decl":{"start":{"line":201,"column":4},"end":{"line":201,"column":5}},"loc":{"start":{"line":201,"column":24},"end":{"line":207,"column":5}},"line":201},"15":{"name":"(anonymous_15)","decl":{"start":{"line":214,"column":24},"end":{"line":214,"column":25}},"loc":{"start":{"line":214,"column":47},"end":{"line":230,"column":1}},"line":214},"16":{"name":"(anonymous_16)","decl":{"start":{"line":218,"column":54},"end":{"line":218,"column":55}},"loc":{"start":{"line":218,"column":74},"end":{"line":229,"column":3}},"line":218}},"branchMap":{"0":{"loc":{"start":{"line":14,"column":2},"end":{"line":42,"column":3}},"type":"if","locations":[{"start":{"line":14,"column":2},"end":{"line":42,"column":3}},{"start":{"line":14,"column":2},"end":{"line":42,"column":3}}],"line":14},"1":{"loc":{"start":{"line":21,"column":6},"end":{"line":23,"column":7}},"type":"if","locations":[{"start":{"line":21,"column":6},"end":{"line":23,"column":7}},{"start":{"line":21,"column":6},"end":{"line":23,"column":7}}],"line":21},"2":{"loc":{"start":{"line":35,"column":6},"end":{"line":37,"column":7}},"type":"if","locations":[{"start":{"line":35,"column":6},"end":{"line":37,"column":7}},{"start":{"line":35,"column":6},"end":{"line":37,"column":7}}],"line":35},"3":{"loc":{"start":{"line":69,"column":6},"end":{"line":71,"column":7}},"type":"if","locations":[{"start":{"line":69,"column":6},"end":{"line":71,"column":7}},{"start":{"line":69,"column":6},"end":{"line":71,"column":7}}],"line":69},"4":{"loc":{"start":{"line":77,"column":6},"end":{"line":111,"column":7}},"type":"if","locations":[{"start":{"line":77,"column":6},"end":{"line":111,"column":7}},{"start":{"line":77,"column":6},"end":{"line":111,"column":7}}],"line":77},"5":{"loc":{"start":{"line":104,"column":16},"end":{"line":106,"column":17}},"type":"if","locations":[{"start":{"line":104,"column":16},"end":{"line":106,"column":17}},{"start":{"line":104,"column":16},"end":{"line":106,"column":17}}],"line":104},"6":{"loc":{"start":{"line":114,"column":6},"end":{"line":153,"column":7}},"type":"if","locations":[{"start":{"line":114,"column":6},"end":{"line":153,"column":7}},{"start":{"line":114,"column":6},"end":{"line":153,"column":7}}],"line":114},"7":{"loc":{"start":{"line":125,"column":14},"end":{"line":127,"column":15}},"type":"if","locations":[{"start":{"line":125,"column":14},"end":{"line":127,"column":15}},{"start":{"line":125,"column":14},"end":{"line":127,"column":15}}],"line":125},"8":{"loc":{"start":{"line":132,"column":14},"end":{"line":149,"column":15}},"type":"if","locations":[{"start":{"line":132,"column":14},"end":{"line":149,"column":15}},{"start":{"line":132,"column":14},"end":{"line":149,"column":15}}],"line":132},"9":{"loc":{"start":{"line":143,"column":22},"end":{"line":145,"column":23}},"type":"if","locations":[{"start":{"line":143,"column":22},"end":{"line":145,"column":23}},{"start":{"line":143,"column":22},"end":{"line":145,"column":23}}],"line":143},"10":{"loc":{"start":{"line":183,"column":4},"end":{"line":185,"column":5}},"type":"if","locations":[{"start":{"line":183,"column":4},"end":{"line":185,"column":5}},{"start":{"line":183,"column":4},"end":{"line":185,"column":5}}],"line":183},"11":{"loc":{"start":{"line":202,"column":6},"end":{"line":204,"column":7}},"type":"if","locations":[{"start":{"line":202,"column":6},"end":{"line":204,"column":7}},{"start":{"line":202,"column":6},"end":{"line":204,"column":7}}],"line":202},"12":{"loc":{"start":{"line":219,"column":4},"end":{"line":221,"column":5}},"type":"if","locations":[{"start":{"line":219,"column":4},"end":{"line":221,"column":5}},{"start":{"line":219,"column":4},"end":{"line":221,"column":5}}],"line":219},"13":{"loc":{"start":{"line":223,"column":4},"end":{"line":228,"column":5}},"type":"if","locations":[{"start":{"line":223,"column":4},"end":{"line":228,"column":5}},{"start":{"line":223,"column":4},"end":{"line":228,"column":5}}],"line":223}},"s":{"0":2,"1":2,"2":2,"3":2,"4":1,"5":1,"6":1,"7":0,"8":1,"9":1,"10":1,"11":1,"12":0,"13":1,"14":2,"15":2,"16":2,"17":2,"18":2,"19":0,"20":2,"21":2,"22":1,"23":2,"24":2,"25":2,"26":0,"27":2,"28":1,"29":3,"30":3,"31":3,"32":0,"33":3,"34":3,"35":3,"36":5,"37":5,"38":5,"39":0,"40":2,"41":2,"42":1,"43":1,"44":1,"45":1,"46":0,"47":1,"48":2,"49":1,"50":1,"51":1,"52":1,"53":1,"54":0,"55":1,"56":2,"57":1,"58":1,"59":1,"60":1,"61":0,"62":1,"63":1,"64":0,"65":2},"f":{"0":2,"1":1,"2":1,"3":2,"4":2,"5":2,"6":2,"7":3,"8":3,"9":5,"10":5,"11":1,"12":1,"13":1,"14":1,"15":1,"16":1},"b":{"0":[1,1],"1":[0,1],"2":[0,1],"3":[0,2],"4":[1,1],"5":[0,2],"6":[1,1],"7":[0,3],"8":[3,0],"9":[0,5],"10":[0,1],"11":[0,1],"12":[0,1],"13":[1,0]},"_coverageSchema":"1a1c01bbd47fc00a2c39e90264f33305004495a9","hash":"952c3d1c6d55ddabcd6b33bf7cf0359c4325ff86"}
,"/Users/hugolehoux/Documents/github/endagri-back/app/controllers/fiche/marcheController.js": {"path":"/Users/hugolehoux/Documents/github/endagri-back/app/controllers/fiche/marcheController.js","statementMap":{"0":{"start":{"line":1,"column":15},"end":{"line":1,"column":39}},"1":{"start":{"line":8,"column":19},"end":{"line":17,"column":1}},"2":{"start":{"line":9,"column":26},"end":{"line":10,"column":117}},"3":{"start":{"line":11,"column":2},"end":{"line":16,"column":5}},"4":{"start":{"line":12,"column":4},"end":{"line":14,"column":5}},"5":{"start":{"line":13,"column":6},"end":{"line":13,"column":18}},"6":{"start":{"line":15,"column":4},"end":{"line":15,"column":44}},"7":{"start":{"line":21,"column":19},"end":{"line":37,"column":1}},"8":{"start":{"line":22,"column":38},"end":{"line":22,"column":50}},"9":{"start":{"line":25,"column":4},"end":{"line":25,"column":81}},"10":{"start":{"line":26,"column":2},"end":{"line":36,"column":4}},"11":{"start":{"line":30,"column":6},"end":{"line":32,"column":7}},"12":{"start":{"line":31,"column":8},"end":{"line":31,"column":20}},"13":{"start":{"line":34,"column":6},"end":{"line":34,"column":42}},"14":{"start":{"line":41,"column":22},"end":{"line":52,"column":1}},"15":{"start":{"line":43,"column":20},"end":{"line":43,"column":37}},"16":{"start":{"line":44,"column":29},"end":{"line":45,"column":111}},"17":{"start":{"line":46,"column":2},"end":{"line":51,"column":5}},"18":{"start":{"line":47,"column":4},"end":{"line":49,"column":5}},"19":{"start":{"line":48,"column":6},"end":{"line":48,"column":18}},"20":{"start":{"line":50,"column":4},"end":{"line":50,"column":44}},"21":{"start":{"line":55,"column":22},"end":{"line":70,"column":1}},"22":{"start":{"line":56,"column":20},"end":{"line":56,"column":37}},"23":{"start":{"line":57,"column":38},"end":{"line":57,"column":50}},"24":{"start":{"line":59,"column":4},"end":{"line":59,"column":71}},"25":{"start":{"line":60,"column":2},"end":{"line":69,"column":4}},"26":{"start":{"line":64,"column":6},"end":{"line":66,"column":7}},"27":{"start":{"line":65,"column":8},"end":{"line":65,"column":20}},"28":{"start":{"line":67,"column":6},"end":{"line":67,"column":42}},"29":{"start":{"line":73,"column":25},"end":{"line":82,"column":1}},"30":{"start":{"line":74,"column":20},"end":{"line":74,"column":37}},"31":{"start":{"line":75,"column":32},"end":{"line":75,"column":70}},"32":{"start":{"line":76,"column":2},"end":{"line":81,"column":5}},"33":{"start":{"line":77,"column":4},"end":{"line":79,"column":5}},"34":{"start":{"line":78,"column":6},"end":{"line":78,"column":18}},"35":{"start":{"line":80,"column":4},"end":{"line":80,"column":40}},"36":{"start":{"line":84,"column":0},"end":{"line":90,"column":2}}},"fnMap":{"0":{"name":"(anonymous_0)","decl":{"start":{"line":8,"column":19},"end":{"line":8,"column":20}},"loc":{"start":{"line":8,"column":42},"end":{"line":17,"column":1}},"line":8},"1":{"name":"(anonymous_1)","decl":{"start":{"line":11,"column":37},"end":{"line":11,"column":38}},"loc":{"start":{"line":11,"column":57},"end":{"line":16,"column":3}},"line":11},"2":{"name":"(anonymous_2)","decl":{"start":{"line":21,"column":19},"end":{"line":21,"column":20}},"loc":{"start":{"line":21,"column":42},"end":{"line":37,"column":1}},"line":21},"3":{"name":"(anonymous_3)","decl":{"start":{"line":29,"column":4},"end":{"line":29,"column":5}},"loc":{"start":{"line":29,"column":24},"end":{"line":35,"column":5}},"line":29},"4":{"name":"(anonymous_4)","decl":{"start":{"line":41,"column":22},"end":{"line":41,"column":23}},"loc":{"start":{"line":41,"column":45},"end":{"line":52,"column":1}},"line":41},"5":{"name":"(anonymous_5)","decl":{"start":{"line":46,"column":53},"end":{"line":46,"column":54}},"loc":{"start":{"line":46,"column":73},"end":{"line":51,"column":3}},"line":46},"6":{"name":"(anonymous_6)","decl":{"start":{"line":55,"column":22},"end":{"line":55,"column":23}},"loc":{"start":{"line":55,"column":45},"end":{"line":70,"column":1}},"line":55},"7":{"name":"(anonymous_7)","decl":{"start":{"line":63,"column":4},"end":{"line":63,"column":5}},"loc":{"start":{"line":63,"column":24},"end":{"line":68,"column":5}},"line":63},"8":{"name":"(anonymous_8)","decl":{"start":{"line":73,"column":25},"end":{"line":73,"column":26}},"loc":{"start":{"line":73,"column":48},"end":{"line":82,"column":1}},"line":73},"9":{"name":"(anonymous_9)","decl":{"start":{"line":76,"column":56},"end":{"line":76,"column":57}},"loc":{"start":{"line":76,"column":76},"end":{"line":81,"column":3}},"line":76}},"branchMap":{"0":{"loc":{"start":{"line":12,"column":4},"end":{"line":14,"column":5}},"type":"if","locations":[{"start":{"line":12,"column":4},"end":{"line":14,"column":5}},{"start":{"line":12,"column":4},"end":{"line":14,"column":5}}],"line":12},"1":{"loc":{"start":{"line":30,"column":6},"end":{"line":32,"column":7}},"type":"if","locations":[{"start":{"line":30,"column":6},"end":{"line":32,"column":7}},{"start":{"line":30,"column":6},"end":{"line":32,"column":7}}],"line":30},"2":{"loc":{"start":{"line":47,"column":4},"end":{"line":49,"column":5}},"type":"if","locations":[{"start":{"line":47,"column":4},"end":{"line":49,"column":5}},{"start":{"line":47,"column":4},"end":{"line":49,"column":5}}],"line":47},"3":{"loc":{"start":{"line":64,"column":6},"end":{"line":66,"column":7}},"type":"if","locations":[{"start":{"line":64,"column":6},"end":{"line":66,"column":7}},{"start":{"line":64,"column":6},"end":{"line":66,"column":7}}],"line":64},"4":{"loc":{"start":{"line":77,"column":4},"end":{"line":79,"column":5}},"type":"if","locations":[{"start":{"line":77,"column":4},"end":{"line":79,"column":5}},{"start":{"line":77,"column":4},"end":{"line":79,"column":5}}],"line":77}},"s":{"0":2,"1":2,"2":0,"3":0,"4":0,"5":0,"6":0,"7":2,"8":0,"9":0,"10":0,"11":0,"12":0,"13":0,"14":2,"15":0,"16":0,"17":0,"18":0,"19":0,"20":0,"21":2,"22":0,"23":0,"24":0,"25":0,"26":0,"27":0,"28":0,"29":2,"30":0,"31":0,"32":0,"33":0,"34":0,"35":0,"36":2},"f":{"0":0,"1":0,"2":0,"3":0,"4":0,"5":0,"6":0,"7":0,"8":0,"9":0},"b":{"0":[0,0],"1":[0,0],"2":[0,0],"3":[0,0],"4":[0,0]},"_coverageSchema":"1a1c01bbd47fc00a2c39e90264f33305004495a9","hash":"c898855346060aae195d3e428fa37bc5b00deb97"}
,"/Users/hugolehoux/Documents/github/endagri-back/app/controllers/fiche/productionController.js": {"path":"/Users/hugolehoux/Documents/github/endagri-back/app/controllers/fiche/productionController.js","statementMap":{"0":{"start":{"line":1,"column":15},"end":{"line":1,"column":39}},"1":{"start":{"line":4,"column":23},"end":{"line":12,"column":1}},"2":{"start":{"line":5,"column":32},"end":{"line":5,"column":105}},"3":{"start":{"line":6,"column":4},"end":{"line":11,"column":6}},"4":{"start":{"line":7,"column":6},"end":{"line":9,"column":7}},"5":{"start":{"line":8,"column":8},"end":{"line":8,"column":19}},"6":{"start":{"line":10,"column":6},"end":{"line":10,"column":45}},"7":{"start":{"line":15,"column":23},"end":{"line":24,"column":1}},"8":{"start":{"line":16,"column":49},"end":{"line":16,"column":61}},"9":{"start":{"line":17,"column":30},"end":{"line":17,"column":112}},"10":{"start":{"line":18,"column":2},"end":{"line":23,"column":4}},"11":{"start":{"line":19,"column":4},"end":{"line":21,"column":5}},"12":{"start":{"line":20,"column":6},"end":{"line":20,"column":17}},"13":{"start":{"line":22,"column":4},"end":{"line":22,"column":39}},"14":{"start":{"line":27,"column":26},"end":{"line":36,"column":1}},"15":{"start":{"line":28,"column":24},"end":{"line":28,"column":41}},"16":{"start":{"line":29,"column":33},"end":{"line":29,"column":102}},"17":{"start":{"line":30,"column":2},"end":{"line":35,"column":4}},"18":{"start":{"line":31,"column":4},"end":{"line":33,"column":5}},"19":{"start":{"line":32,"column":6},"end":{"line":32,"column":17}},"20":{"start":{"line":34,"column":4},"end":{"line":34,"column":43}},"21":{"start":{"line":39,"column":26},"end":{"line":49,"column":1}},"22":{"start":{"line":40,"column":24},"end":{"line":40,"column":41}},"23":{"start":{"line":41,"column":49},"end":{"line":41,"column":61}},"24":{"start":{"line":42,"column":29},"end":{"line":42,"column":101}},"25":{"start":{"line":43,"column":2},"end":{"line":48,"column":4}},"26":{"start":{"line":44,"column":4},"end":{"line":46,"column":5}},"27":{"start":{"line":45,"column":6},"end":{"line":45,"column":17}},"28":{"start":{"line":47,"column":4},"end":{"line":47,"column":39}},"29":{"start":{"line":52,"column":29},"end":{"line":61,"column":1}},"30":{"start":{"line":53,"column":24},"end":{"line":53,"column":41}},"31":{"start":{"line":54,"column":36},"end":{"line":54,"column":78}},"32":{"start":{"line":55,"column":2},"end":{"line":60,"column":4}},"33":{"start":{"line":56,"column":4},"end":{"line":58,"column":5}},"34":{"start":{"line":57,"column":6},"end":{"line":57,"column":17}},"35":{"start":{"line":59,"column":4},"end":{"line":59,"column":39}},"36":{"start":{"line":63,"column":0},"end":{"line":69,"column":1}}},"fnMap":{"0":{"name":"(anonymous_0)","decl":{"start":{"line":4,"column":23},"end":{"line":4,"column":24}},"loc":{"start":{"line":4,"column":46},"end":{"line":12,"column":1}},"line":4},"1":{"name":"(anonymous_1)","decl":{"start":{"line":6,"column":43},"end":{"line":6,"column":44}},"loc":{"start":{"line":6,"column":63},"end":{"line":11,"column":5}},"line":6},"2":{"name":"(anonymous_2)","decl":{"start":{"line":15,"column":23},"end":{"line":15,"column":24}},"loc":{"start":{"line":15,"column":46},"end":{"line":24,"column":1}},"line":15},"3":{"name":"(anonymous_3)","decl":{"start":{"line":18,"column":80},"end":{"line":18,"column":81}},"loc":{"start":{"line":18,"column":100},"end":{"line":23,"column":3}},"line":18},"4":{"name":"(anonymous_4)","decl":{"start":{"line":27,"column":26},"end":{"line":27,"column":27}},"loc":{"start":{"line":27,"column":49},"end":{"line":36,"column":1}},"line":27},"5":{"name":"(anonymous_5)","decl":{"start":{"line":30,"column":61},"end":{"line":30,"column":62}},"loc":{"start":{"line":30,"column":81},"end":{"line":35,"column":3}},"line":30},"6":{"name":"(anonymous_6)","decl":{"start":{"line":39,"column":26},"end":{"line":39,"column":27}},"loc":{"start":{"line":39,"column":49},"end":{"line":49,"column":1}},"line":39},"7":{"name":"(anonymous_7)","decl":{"start":{"line":43,"column":92},"end":{"line":43,"column":93}},"loc":{"start":{"line":43,"column":112},"end":{"line":48,"column":3}},"line":43},"8":{"name":"(anonymous_8)","decl":{"start":{"line":52,"column":29},"end":{"line":52,"column":30}},"loc":{"start":{"line":52,"column":52},"end":{"line":61,"column":1}},"line":52},"9":{"name":"(anonymous_9)","decl":{"start":{"line":55,"column":64},"end":{"line":55,"column":65}},"loc":{"start":{"line":55,"column":84},"end":{"line":60,"column":3}},"line":55}},"branchMap":{"0":{"loc":{"start":{"line":7,"column":6},"end":{"line":9,"column":7}},"type":"if","locations":[{"start":{"line":7,"column":6},"end":{"line":9,"column":7}},{"start":{"line":7,"column":6},"end":{"line":9,"column":7}}],"line":7},"1":{"loc":{"start":{"line":19,"column":4},"end":{"line":21,"column":5}},"type":"if","locations":[{"start":{"line":19,"column":4},"end":{"line":21,"column":5}},{"start":{"line":19,"column":4},"end":{"line":21,"column":5}}],"line":19},"2":{"loc":{"start":{"line":31,"column":4},"end":{"line":33,"column":5}},"type":"if","locations":[{"start":{"line":31,"column":4},"end":{"line":33,"column":5}},{"start":{"line":31,"column":4},"end":{"line":33,"column":5}}],"line":31},"3":{"loc":{"start":{"line":44,"column":4},"end":{"line":46,"column":5}},"type":"if","locations":[{"start":{"line":44,"column":4},"end":{"line":46,"column":5}},{"start":{"line":44,"column":4},"end":{"line":46,"column":5}}],"line":44},"4":{"loc":{"start":{"line":56,"column":4},"end":{"line":58,"column":5}},"type":"if","locations":[{"start":{"line":56,"column":4},"end":{"line":58,"column":5}},{"start":{"line":56,"column":4},"end":{"line":58,"column":5}}],"line":56}},"s":{"0":2,"1":2,"2":0,"3":0,"4":0,"5":0,"6":0,"7":2,"8":0,"9":0,"10":0,"11":0,"12":0,"13":0,"14":2,"15":0,"16":0,"17":0,"18":0,"19":0,"20":0,"21":2,"22":0,"23":0,"24":0,"25":0,"26":0,"27":0,"28":0,"29":2,"30":0,"31":0,"32":0,"33":0,"34":0,"35":0,"36":2},"f":{"0":0,"1":0,"2":0,"3":0,"4":0,"5":0,"6":0,"7":0,"8":0,"9":0},"b":{"0":[0,0],"1":[0,0],"2":[0,0],"3":[0,0],"4":[0,0]},"_coverageSchema":"1a1c01bbd47fc00a2c39e90264f33305004495a9","hash":"05da3d3e69e65f9ca5f096cc74af84d9d6ec1411"}
,"/Users/hugolehoux/Documents/github/endagri-back/app/controllers/fiche/venteController.js": {"path":"/Users/hugolehoux/Documents/github/endagri-back/app/controllers/fiche/venteController.js","statementMap":{"0":{"start":{"line":1,"column":15},"end":{"line":1,"column":39}},"1":{"start":{"line":3,"column":18},"end":{"line":41,"column":1}},"2":{"start":{"line":5,"column":29},"end":{"line":5,"column":46}},"3":{"start":{"line":15,"column":6},"end":{"line":15,"column":18}},"4":{"start":{"line":18,"column":25},"end":{"line":19,"column":47}},"5":{"start":{"line":22,"column":2},"end":{"line":38,"column":4}},"6":{"start":{"line":34,"column":6},"end":{"line":36,"column":7}},"7":{"start":{"line":35,"column":8},"end":{"line":35,"column":20}},"8":{"start":{"line":40,"column":2},"end":{"line":40,"column":27}},"9":{"start":{"line":44,"column":17},"end":{"line":78,"column":1}},"10":{"start":{"line":46,"column":29},"end":{"line":46,"column":46}},"11":{"start":{"line":47,"column":19},"end":{"line":47,"column":36}},"12":{"start":{"line":56,"column":6},"end":{"line":56,"column":18}},"13":{"start":{"line":58,"column":24},"end":{"line":58,"column":161}},"14":{"start":{"line":59,"column":2},"end":{"line":77,"column":4}},"15":{"start":{"line":71,"column":6},"end":{"line":73,"column":7}},"16":{"start":{"line":72,"column":8},"end":{"line":72,"column":20}},"17":{"start":{"line":75,"column":6},"end":{"line":75,"column":49}},"18":{"start":{"line":82,"column":20},"end":{"line":100,"column":1}},"19":{"start":{"line":84,"column":29},"end":{"line":84,"column":46}},"20":{"start":{"line":85,"column":19},"end":{"line":85,"column":36}},"21":{"start":{"line":87,"column":27},"end":{"line":87,"column":76}},"22":{"start":{"line":88,"column":2},"end":{"line":99,"column":5}},"23":{"start":{"line":89,"column":4},"end":{"line":91,"column":5}},"24":{"start":{"line":90,"column":6},"end":{"line":90,"column":18}},"25":{"start":{"line":93,"column":4},"end":{"line":98,"column":5}},"26":{"start":{"line":95,"column":6},"end":{"line":95,"column":31}},"27":{"start":{"line":97,"column":6},"end":{"line":97,"column":31}},"28":{"start":{"line":102,"column":0},"end":{"line":106,"column":2}}},"fnMap":{"0":{"name":"(anonymous_0)","decl":{"start":{"line":3,"column":18},"end":{"line":3,"column":19}},"loc":{"start":{"line":3,"column":41},"end":{"line":41,"column":1}},"line":3},"1":{"name":"(anonymous_1)","decl":{"start":{"line":33,"column":4},"end":{"line":33,"column":5}},"loc":{"start":{"line":33,"column":24},"end":{"line":37,"column":5}},"line":33},"2":{"name":"(anonymous_2)","decl":{"start":{"line":44,"column":17},"end":{"line":44,"column":18}},"loc":{"start":{"line":44,"column":40},"end":{"line":78,"column":1}},"line":44},"3":{"name":"(anonymous_3)","decl":{"start":{"line":70,"column":4},"end":{"line":70,"column":5}},"loc":{"start":{"line":70,"column":24},"end":{"line":76,"column":5}},"line":70},"4":{"name":"(anonymous_4)","decl":{"start":{"line":82,"column":20},"end":{"line":82,"column":21}},"loc":{"start":{"line":82,"column":43},"end":{"line":100,"column":1}},"line":82},"5":{"name":"(anonymous_5)","decl":{"start":{"line":88,"column":50},"end":{"line":88,"column":51}},"loc":{"start":{"line":88,"column":70},"end":{"line":99,"column":3}},"line":88}},"branchMap":{"0":{"loc":{"start":{"line":34,"column":6},"end":{"line":36,"column":7}},"type":"if","locations":[{"start":{"line":34,"column":6},"end":{"line":36,"column":7}},{"start":{"line":34,"column":6},"end":{"line":36,"column":7}}],"line":34},"1":{"loc":{"start":{"line":71,"column":6},"end":{"line":73,"column":7}},"type":"if","locations":[{"start":{"line":71,"column":6},"end":{"line":73,"column":7}},{"start":{"line":71,"column":6},"end":{"line":73,"column":7}}],"line":71},"2":{"loc":{"start":{"line":89,"column":4},"end":{"line":91,"column":5}},"type":"if","locations":[{"start":{"line":89,"column":4},"end":{"line":91,"column":5}},{"start":{"line":89,"column":4},"end":{"line":91,"column":5}}],"line":89},"3":{"loc":{"start":{"line":93,"column":4},"end":{"line":98,"column":5}},"type":"if","locations":[{"start":{"line":93,"column":4},"end":{"line":98,"column":5}},{"start":{"line":93,"column":4},"end":{"line":98,"column":5}}],"line":93}},"s":{"0":2,"1":2,"2":0,"3":0,"4":0,"5":0,"6":0,"7":0,"8":0,"9":2,"10":0,"11":0,"12":0,"13":0,"14":0,"15":0,"16":0,"17":0,"18":2,"19":0,"20":0,"21":0,"22":0,"23":0,"24":0,"25":0,"26":0,"27":0,"28":2},"f":{"0":0,"1":0,"2":0,"3":0,"4":0,"5":0},"b":{"0":[0,0],"1":[0,0],"2":[0,0],"3":[0,0]},"_coverageSchema":"1a1c01bbd47fc00a2c39e90264f33305004495a9","hash":"2c2f2567be7d5c3ddb0c0897189c637a6005a1dc"}
,"/Users/hugolehoux/Documents/github/endagri-back/app/controllers/fluxtemp/fluxBrutsController.js": {"path":"/Users/hugolehoux/Documents/github/endagri-back/app/controllers/fluxtemp/fluxBrutsController.js","statementMap":{"0":{"start":{"line":1,"column":15},"end":{"line":1,"column":39}},"1":{"start":{"line":4,"column":25},"end":{"line":22,"column":1}},"2":{"start":{"line":6,"column":19},"end":{"line":6,"column":36}},"3":{"start":{"line":8,"column":32},"end":{"line":15,"column":79}},"4":{"start":{"line":16,"column":2},"end":{"line":21,"column":5}},"5":{"start":{"line":17,"column":4},"end":{"line":19,"column":5}},"6":{"start":{"line":18,"column":6},"end":{"line":18,"column":17}},"7":{"start":{"line":20,"column":4},"end":{"line":20,"column":43}},"8":{"start":{"line":24,"column":0},"end":{"line":26,"column":1}}},"fnMap":{"0":{"name":"(anonymous_0)","decl":{"start":{"line":4,"column":25},"end":{"line":4,"column":26}},"loc":{"start":{"line":4,"column":48},"end":{"line":22,"column":1}},"line":4},"1":{"name":"(anonymous_1)","decl":{"start":{"line":16,"column":55},"end":{"line":16,"column":56}},"loc":{"start":{"line":16,"column":75},"end":{"line":21,"column":3}},"line":16}},"branchMap":{"0":{"loc":{"start":{"line":17,"column":4},"end":{"line":19,"column":5}},"type":"if","locations":[{"start":{"line":17,"column":4},"end":{"line":19,"column":5}},{"start":{"line":17,"column":4},"end":{"line":19,"column":5}}],"line":17}},"s":{"0":2,"1":2,"2":0,"3":0,"4":0,"5":0,"6":0,"7":0,"8":2},"f":{"0":0,"1":0},"b":{"0":[0,0]},"_coverageSchema":"1a1c01bbd47fc00a2c39e90264f33305004495a9","hash":"7aec5ebd3daab5ec936e48343eff5bff26e03066"}
,"/Users/hugolehoux/Documents/github/endagri-back/app/db/pool.js": {"path":"/Users/hugolehoux/Documents/github/endagri-back/app/db/pool.js","statementMap":{"0":{"start":{"line":1,"column":13},"end":{"line":1,"column":31}},"1":{"start":{"line":3,"column":0},"end":{"line":3,"column":26}},"2":{"start":{"line":5,"column":23},"end":{"line":5,"column":69}},"3":{"start":{"line":6,"column":13},"end":{"line":6,"column":37}},"4":{"start":{"line":8,"column":0},"end":{"line":10,"column":1}}},"fnMap":{},"branchMap":{},"s":{"0":2,"1":2,"2":2,"3":2,"4":2},"f":{},"b":{},"_coverageSchema":"1a1c01bbd47fc00a2c39e90264f33305004495a9","hash":"22419b6e0b111b3740b6f0c95b1b4427fd3fa309"}
,"/Users/hugolehoux/Documents/github/endagri-back/app/routes/activiteRoutes.js": {"path":"/Users/hugolehoux/Documents/github/endagri-back/app/routes/activiteRoutes.js","statementMap":{"0":{"start":{"line":1,"column":16},"end":{"line":1,"column":34}},"1":{"start":{"line":2,"column":15},"end":{"line":2,"column":31}},"2":{"start":{"line":3,"column":27},"end":{"line":3,"column":77}},"3":{"start":{"line":5,"column":0},"end":{"line":8,"column":2}},"4":{"start":{"line":9,"column":0},"end":{"line":12,"column":2}},"5":{"start":{"line":13,"column":0},"end":{"line":16,"column":2}},"6":{"start":{"line":18,"column":0},"end":{"line":18,"column":24}}},"fnMap":{},"branchMap":{},"s":{"0":2,"1":2,"2":2,"3":2,"4":2,"5":2,"6":2},"f":{},"b":{},"_coverageSchema":"1a1c01bbd47fc00a2c39e90264f33305004495a9","hash":"e93d6661a8eac05aa340bfd909cdba6d8da37ef6"}
,"/Users/hugolehoux/Documents/github/endagri-back/app/routes/analyseRoutes.js": {"path":"/Users/hugolehoux/Documents/github/endagri-back/app/routes/analyseRoutes.js","statementMap":{"0":{"start":{"line":1,"column":16},"end":{"line":1,"column":34}},"1":{"start":{"line":2,"column":15},"end":{"line":2,"column":31}},"2":{"start":{"line":3,"column":26},"end":{"line":3,"column":85}},"3":{"start":{"line":5,"column":0},"end":{"line":5,"column":55}},"4":{"start":{"line":7,"column":0},"end":{"line":7,"column":24}}},"fnMap":{},"branchMap":{},"s":{"0":2,"1":2,"2":2,"3":2,"4":2},"f":{},"b":{},"_coverageSchema":"1a1c01bbd47fc00a2c39e90264f33305004495a9","hash":"5509b62214d20c48360e7f85eda8bf87cc910445"}
,"/Users/hugolehoux/Documents/github/endagri-back/app/routes/ficheRoutes.js": {"path":"/Users/hugolehoux/Documents/github/endagri-back/app/routes/ficheRoutes.js","statementMap":{"0":{"start":{"line":1,"column":16},"end":{"line":1,"column":34}},"1":{"start":{"line":2,"column":15},"end":{"line":2,"column":31}},"2":{"start":{"line":3,"column":24},"end":{"line":3,"column":71}},"3":{"start":{"line":5,"column":0},"end":{"line":5,"column":49}},"4":{"start":{"line":6,"column":0},"end":{"line":6,"column":49}},"5":{"start":{"line":7,"column":0},"end":{"line":7,"column":55}},"6":{"start":{"line":8,"column":0},"end":{"line":8,"column":55}},"7":{"start":{"line":9,"column":0},"end":{"line":9,"column":61}},"8":{"start":{"line":11,"column":0},"end":{"line":11,"column":24}}},"fnMap":{},"branchMap":{},"s":{"0":2,"1":2,"2":2,"3":2,"4":2,"5":2,"6":2,"7":2,"8":2},"f":{},"b":{},"_coverageSchema":"1a1c01bbd47fc00a2c39e90264f33305004495a9","hash":"99e7c94cc65e9b5912e279ce0863e56eee14f033"}
,"/Users/hugolehoux/Documents/github/endagri-back/app/routes/fluxTempRoutes.js": {"path":"/Users/hugolehoux/Documents/github/endagri-back/app/routes/fluxTempRoutes.js","statementMap":{"0":{"start":{"line":1,"column":16},"end":{"line":1,"column":34}},"1":{"start":{"line":2,"column":15},"end":{"line":2,"column":31}},"2":{"start":{"line":3,"column":28},"end":{"line":3,"column":82}},"3":{"start":{"line":5,"column":0},"end":{"line":5,"column":73}},"4":{"start":{"line":7,"column":0},"end":{"line":7,"column":24}}},"fnMap":{},"branchMap":{},"s":{"0":2,"1":2,"2":2,"3":2,"4":2},"f":{},"b":{},"_coverageSchema":"1a1c01bbd47fc00a2c39e90264f33305004495a9","hash":"91fd1576886250e63f2a95f44c42f8aa9555b156"}
,"/Users/hugolehoux/Documents/github/endagri-back/app/routes/marcheRoutes.js": {"path":"/Users/hugolehoux/Documents/github/endagri-back/app/routes/marcheRoutes.js","statementMap":{"0":{"start":{"line":1,"column":16},"end":{"line":1,"column":34}},"1":{"start":{"line":2,"column":15},"end":{"line":2,"column":31}},"2":{"start":{"line":3,"column":25},"end":{"line":3,"column":73}},"3":{"start":{"line":5,"column":0},"end":{"line":5,"column":52}},"4":{"start":{"line":6,"column":0},"end":{"line":6,"column":52}},"5":{"start":{"line":7,"column":0},"end":{"line":7,"column":58}},"6":{"start":{"line":8,"column":0},"end":{"line":8,"column":58}},"7":{"start":{"line":9,"column":0},"end":{"line":9,"column":64}},"8":{"start":{"line":11,"column":0},"end":{"line":11,"column":24}}},"fnMap":{},"branchMap":{},"s":{"0":2,"1":2,"2":2,"3":2,"4":2,"5":2,"6":2,"7":2,"8":2},"f":{},"b":{},"_coverageSchema":"1a1c01bbd47fc00a2c39e90264f33305004495a9","hash":"e83e4ef7b9c007d148a9983cf96d2edd8b9f7ccf"}
,"/Users/hugolehoux/Documents/github/endagri-back/app/routes/productionRoutes.js": {"path":"/Users/hugolehoux/Documents/github/endagri-back/app/routes/productionRoutes.js","statementMap":{"0":{"start":{"line":1,"column":16},"end":{"line":1,"column":34}},"1":{"start":{"line":2,"column":15},"end":{"line":2,"column":31}},"2":{"start":{"line":3,"column":29},"end":{"line":3,"column":81}},"3":{"start":{"line":5,"column":0},"end":{"line":5,"column":64}},"4":{"start":{"line":6,"column":0},"end":{"line":6,"column":64}},"5":{"start":{"line":7,"column":0},"end":{"line":7,"column":70}},"6":{"start":{"line":8,"column":0},"end":{"line":8,"column":70}},"7":{"start":{"line":9,"column":0},"end":{"line":9,"column":76}},"8":{"start":{"line":11,"column":0},"end":{"line":11,"column":24}}},"fnMap":{},"branchMap":{},"s":{"0":2,"1":2,"2":2,"3":2,"4":2,"5":2,"6":2,"7":2,"8":2},"f":{},"b":{},"_coverageSchema":"1a1c01bbd47fc00a2c39e90264f33305004495a9","hash":"852c175a9ad717f0d8a57408ea5bec710850519e"}
,"/Users/hugolehoux/Documents/github/endagri-back/app/routes/venteRoutes.js": {"path":"/Users/hugolehoux/Documents/github/endagri-back/app/routes/venteRoutes.js","statementMap":{"0":{"start":{"line":1,"column":16},"end":{"line":1,"column":34}},"1":{"start":{"line":2,"column":15},"end":{"line":2,"column":31}},"2":{"start":{"line":3,"column":24},"end":{"line":3,"column":71}},"3":{"start":{"line":5,"column":0},"end":{"line":5,"column":59}},"4":{"start":{"line":6,"column":0},"end":{"line":6,"column":67}},"5":{"start":{"line":7,"column":0},"end":{"line":7,"column":73}},"6":{"start":{"line":9,"column":0},"end":{"line":9,"column":24}}},"fnMap":{},"branchMap":{},"s":{"0":2,"1":2,"2":2,"3":2,"4":2,"5":2,"6":2},"f":{},"b":{},"_coverageSchema":"1a1c01bbd47fc00a2c39e90264f33305004495a9","hash":"870e44b5101eaf10f65deb3ff1d61dbb583c8edd"}
}
