TN:
SF:server.js
FNF:0
FNH:0
DA:1,2
DA:2,2
DA:4,2
DA:5,2
DA:6,2
DA:7,2
DA:8,2
DA:9,2
DA:10,2
DA:13,2
DA:16,2
DA:19,2
DA:20,2
DA:27,2
DA:28,2
DA:29,2
DA:30,2
DA:31,2
DA:32,2
DA:33,2
DA:37,2
LF:21
LH:21
BRF:0
BRH:0
end_of_record
TN:
SF:app/controllers/analyse/analyseTresorieController.js
FN:4,(anonymous_0)
FN:6,(anonymous_1)
FNF:2
FNH:0
FNDA:0,(anonymous_0)
FNDA:0,(anonymous_1)
DA:1,2
DA:4,2
DA:5,0
DA:6,0
DA:7,0
DA:8,0
DA:10,0
DA:14,2
LF:8
LH:3
BRDA:7,0,0,0
BRDA:7,0,1,0
BRF:2
BRH:0
end_of_record
TN:
SF:app/controllers/fiche/activiteController.js
FN:5,(anonymous_0)
FN:19,(anonymous_1)
FN:29,(anonymous_2)
FN:37,(anonymous_3)
FN:58,(anonymous_4)
FN:69,(anonymous_5)
FN:84,(anonymous_6)
FN:92,(anonymous_7)
FNF:8
FNH:6
FNDA:2,(anonymous_0)
FNDA:2,(anonymous_1)
FNDA:2,(anonymous_2)
FNDA:1,(anonymous_3)
FNDA:0,(anonymous_4)
FNDA:0,(anonymous_5)
FNDA:1,(anonymous_6)
FNDA:1,(anonymous_7)
DA:1,2
DA:5,2
DA:7,2
DA:10,2
DA:13,2
DA:16,2
DA:20,2
DA:21,0
DA:25,2
DA:28,2
DA:29,1
DA:31,2
DA:34,2
DA:38,1
DA:39,0
DA:46,2
DA:58,2
DA:60,0
DA:61,0
DA:63,0
DA:65,0
DA:66,0
DA:70,0
DA:71,0
DA:76,0
DA:84,2
DA:86,1
DA:89,1
DA:91,1
DA:92,1
DA:93,1
DA:94,0
DA:97,1
DA:99,1
DA:101,0
DA:106,2
LF:36
LH:24
BRDA:20,0,0,0
BRDA:20,0,1,2
BRDA:28,1,0,1
BRDA:28,1,1,1
BRDA:38,2,0,0
BRDA:38,2,1,1
BRDA:70,3,0,0
BRDA:70,3,1,0
BRDA:93,4,0,0
BRDA:93,4,1,1
BRDA:97,5,0,1
BRDA:97,5,1,0
BRF:12
BRH:6
end_of_record
TN:
SF:app/controllers/fiche/ficheController.js
FN:10,(anonymous_0)
FN:20,(anonymous_1)
FN:34,(anonymous_2)
FN:48,(anonymous_3)
FN:68,(anonymous_4)
FN:79,(anonymous_5)
FN:103,(anonymous_6)
FN:115,(anonymous_7)
FN:124,(anonymous_8)
FN:133,(anonymous_9)
FN:142,(anonymous_10)
FN:168,(anonymous_11)
FN:182,(anonymous_12)
FN:193,(anonymous_13)
FN:201,(anonymous_14)
FN:214,(anonymous_15)
FN:218,(anonymous_16)
FNF:17
FNH:17
FNDA:2,(anonymous_0)
FNDA:1,(anonymous_1)
FNDA:1,(anonymous_2)
FNDA:2,(anonymous_3)
FNDA:2,(anonymous_4)
FNDA:2,(anonymous_5)
FNDA:2,(anonymous_6)
FNDA:3,(anonymous_7)
FNDA:3,(anonymous_8)
FNDA:5,(anonymous_9)
FNDA:5,(anonymous_10)
FNDA:1,(anonymous_11)
FNDA:1,(anonymous_12)
FNDA:1,(anonymous_13)
FNDA:1,(anonymous_14)
FNDA:1,(anonymous_15)
FNDA:1,(anonymous_16)
DA:1,2
DA:10,2
DA:12,2
DA:14,2
DA:17,1
DA:20,1
DA:21,1
DA:22,0
DA:26,1
DA:31,1
DA:34,1
DA:35,1
DA:36,0
DA:40,1
DA:48,2
DA:58,2
DA:62,2
DA:65,2
DA:69,2
DA:70,0
DA:74,2
DA:77,2
DA:78,1
DA:89,2
DA:92,2
DA:104,2
DA:105,0
DA:114,2
DA:115,1
DA:118,3
DA:121,3
DA:125,3
DA:126,0
DA:129,3
DA:132,3
DA:133,3
DA:136,5
DA:139,5
DA:143,5
DA:144,0
DA:156,2
DA:168,2
DA:170,1
DA:173,1
DA:182,1
DA:183,1
DA:184,0
DA:186,1
DA:193,2
DA:194,1
DA:195,1
DA:197,1
DA:198,1
DA:202,1
DA:203,0
DA:206,1
DA:214,2
DA:215,1
DA:217,1
DA:218,1
DA:219,1
DA:220,0
DA:223,1
DA:225,1
DA:227,0
DA:232,2
LF:66
LH:56
BRDA:14,0,0,1
BRDA:14,0,1,1
BRDA:21,1,0,0
BRDA:21,1,1,1
BRDA:35,2,0,0
BRDA:35,2,1,1
BRDA:69,3,0,0
BRDA:69,3,1,2
BRDA:77,4,0,1
BRDA:77,4,1,1
BRDA:104,5,0,0
BRDA:104,5,1,2
BRDA:114,6,0,1
BRDA:114,6,1,1
BRDA:125,7,0,0
BRDA:125,7,1,3
BRDA:132,8,0,3
BRDA:132,8,1,0
BRDA:143,9,0,0
BRDA:143,9,1,5
BRDA:183,10,0,0
BRDA:183,10,1,1
BRDA:202,11,0,0
BRDA:202,11,1,1
BRDA:219,12,0,0
BRDA:219,12,1,1
BRDA:223,13,0,1
BRDA:223,13,1,0
BRF:28
BRH:17
end_of_record
TN:
SF:app/controllers/fiche/marcheController.js
FN:8,(anonymous_0)
FN:11,(anonymous_1)
FN:21,(anonymous_2)
FN:29,(anonymous_3)
FN:41,(anonymous_4)
FN:46,(anonymous_5)
FN:55,(anonymous_6)
FN:63,(anonymous_7)
FN:73,(anonymous_8)
FN:76,(anonymous_9)
FNF:10
FNH:0
FNDA:0,(anonymous_0)
FNDA:0,(anonymous_1)
FNDA:0,(anonymous_2)
FNDA:0,(anonymous_3)
FNDA:0,(anonymous_4)
FNDA:0,(anonymous_5)
FNDA:0,(anonymous_6)
FNDA:0,(anonymous_7)
FNDA:0,(anonymous_8)
FNDA:0,(anonymous_9)
DA:1,2
DA:8,2
DA:9,0
DA:11,0
DA:12,0
DA:13,0
DA:15,0
DA:21,2
DA:22,0
DA:25,0
DA:26,0
DA:30,0
DA:31,0
DA:34,0
DA:41,2
DA:43,0
DA:44,0
DA:46,0
DA:47,0
DA:48,0
DA:50,0
DA:55,2
DA:56,0
DA:57,0
DA:59,0
DA:60,0
DA:64,0
DA:65,0
DA:67,0
DA:73,2
DA:74,0
DA:75,0
DA:76,0
DA:77,0
DA:78,0
DA:80,0
DA:84,2
LF:37
LH:7
BRDA:12,0,0,0
BRDA:12,0,1,0
BRDA:30,1,0,0
BRDA:30,1,1,0
BRDA:47,2,0,0
BRDA:47,2,1,0
BRDA:64,3,0,0
BRDA:64,3,1,0
BRDA:77,4,0,0
BRDA:77,4,1,0
BRF:10
BRH:0
end_of_record
TN:
SF:app/controllers/fiche/productionController.js
FN:4,(anonymous_0)
FN:6,(anonymous_1)
FN:15,(anonymous_2)
FN:18,(anonymous_3)
FN:27,(anonymous_4)
FN:30,(anonymous_5)
FN:39,(anonymous_6)
FN:43,(anonymous_7)
FN:52,(anonymous_8)
FN:55,(anonymous_9)
FNF:10
FNH:0
FNDA:0,(anonymous_0)
FNDA:0,(anonymous_1)
FNDA:0,(anonymous_2)
FNDA:0,(anonymous_3)
FNDA:0,(anonymous_4)
FNDA:0,(anonymous_5)
FNDA:0,(anonymous_6)
FNDA:0,(anonymous_7)
FNDA:0,(anonymous_8)
FNDA:0,(anonymous_9)
DA:1,2
DA:4,2
DA:5,0
DA:6,0
DA:7,0
DA:8,0
DA:10,0
DA:15,2
DA:16,0
DA:17,0
DA:18,0
DA:19,0
DA:20,0
DA:22,0
DA:27,2
DA:28,0
DA:29,0
DA:30,0
DA:31,0
DA:32,0
DA:34,0
DA:39,2
DA:40,0
DA:41,0
DA:42,0
DA:43,0
DA:44,0
DA:45,0
DA:47,0
DA:52,2
DA:53,0
DA:54,0
DA:55,0
DA:56,0
DA:57,0
DA:59,0
DA:63,2
LF:37
LH:7
BRDA:7,0,0,0
BRDA:7,0,1,0
BRDA:19,1,0,0
BRDA:19,1,1,0
BRDA:31,2,0,0
BRDA:31,2,1,0
BRDA:44,3,0,0
BRDA:44,3,1,0
BRDA:56,4,0,0
BRDA:56,4,1,0
BRF:10
BRH:0
end_of_record
TN:
SF:app/controllers/fiche/venteController.js
FN:3,(anonymous_0)
FN:33,(anonymous_1)
FN:44,(anonymous_2)
FN:70,(anonymous_3)
FN:82,(anonymous_4)
FN:88,(anonymous_5)
FNF:6
FNH:0
FNDA:0,(anonymous_0)
FNDA:0,(anonymous_1)
FNDA:0,(anonymous_2)
FNDA:0,(anonymous_3)
FNDA:0,(anonymous_4)
FNDA:0,(anonymous_5)
DA:1,2
DA:3,2
DA:5,0
DA:15,0
DA:18,0
DA:22,0
DA:34,0
DA:35,0
DA:40,0
DA:44,2
DA:46,0
DA:47,0
DA:56,0
DA:58,0
DA:59,0
DA:71,0
DA:72,0
DA:75,0
DA:82,2
DA:84,0
DA:85,0
DA:87,0
DA:88,0
DA:89,0
DA:90,0
DA:93,0
DA:95,0
DA:97,0
DA:102,2
LF:29
LH:5
BRDA:34,0,0,0
BRDA:34,0,1,0
BRDA:71,1,0,0
BRDA:71,1,1,0
BRDA:89,2,0,0
BRDA:89,2,1,0
BRDA:93,3,0,0
BRDA:93,3,1,0
BRF:8
BRH:0
end_of_record
TN:
SF:app/controllers/fluxtemp/fluxBrutsController.js
FN:4,(anonymous_0)
FN:16,(anonymous_1)
FNF:2
FNH:0
FNDA:0,(anonymous_0)
FNDA:0,(anonymous_1)
DA:1,2
DA:4,2
DA:6,0
DA:8,0
DA:16,0
DA:17,0
DA:18,0
DA:20,0
DA:24,2
LF:9
LH:3
BRDA:17,0,0,0
BRDA:17,0,1,0
BRF:2
BRH:0
end_of_record
TN:
SF:app/db/pool.js
FNF:0
FNH:0
DA:1,2
DA:3,2
DA:5,2
DA:6,2
DA:8,2
LF:5
LH:5
BRF:0
BRH:0
end_of_record
TN:
SF:app/routes/activiteRoutes.js
FNF:0
FNH:0
DA:1,2
DA:2,2
DA:3,2
DA:5,2
DA:9,2
DA:13,2
DA:18,2
LF:7
LH:7
BRF:0
BRH:0
end_of_record
TN:
SF:app/routes/analyseRoutes.js
FNF:0
FNH:0
DA:1,2
DA:2,2
DA:3,2
DA:5,2
DA:7,2
LF:5
LH:5
BRF:0
BRH:0
end_of_record
TN:
SF:app/routes/ficheRoutes.js
FNF:0
FNH:0
DA:1,2
DA:2,2
DA:3,2
DA:5,2
DA:6,2
DA:7,2
DA:8,2
DA:9,2
DA:11,2
LF:9
LH:9
BRF:0
BRH:0
end_of_record
TN:
SF:app/routes/fluxTempRoutes.js
FNF:0
FNH:0
DA:1,2
DA:2,2
DA:3,2
DA:5,2
DA:7,2
LF:5
LH:5
BRF:0
BRH:0
end_of_record
TN:
SF:app/routes/marcheRoutes.js
FNF:0
FNH:0
DA:1,2
DA:2,2
DA:3,2
DA:5,2
DA:6,2
DA:7,2
DA:8,2
DA:9,2
DA:11,2
LF:9
LH:9
BRF:0
BRH:0
end_of_record
TN:
SF:app/routes/productionRoutes.js
FNF:0
FNH:0
DA:1,2
DA:2,2
DA:3,2
DA:5,2
DA:6,2
DA:7,2
DA:8,2
DA:9,2
DA:11,2
LF:9
LH:9
BRF:0
BRH:0
end_of_record
TN:
SF:app/routes/venteRoutes.js
FNF:0
FNH:0
DA:1,2
DA:2,2
DA:3,2
DA:5,2
DA:6,2
DA:7,2
DA:9,2
LF:7
LH:7
BRF:0
BRH:0
end_of_record
